# JRE version: Java(TM) SE Runtime Environment (8.0_131-b11) (build 1.8.0_131-b11)
# Java VM: Java HotSpot(TM) 64-Bit Server VM (25.131-b11 mixed mode windows-amd64 compressed oops)
Heap:
 PSYoungGen      total 59904K, used 26315K [0x000000076b400000, 0x0000000770b00000, 0x00000007c0000000)
  eden space 59392K, 43% used [0x000000076b400000,0x000000076cd82c78,0x000000076ee00000)
  from space 512K, 37% used [0x000000076ef00000,0x000000076ef30000,0x000000076ef80000)
  to   space 14848K, 0% used [0x000000076fc80000,0x000000076fc80000,0x0000000770b00000)
 ParOldGen       total 175104K, used 27223K [0x00000006c1c00000, 0x00000006cc700000, 0x000000076b400000)
  object space 175104K, 15% used [0x00000006c1c00000,0x00000006c3695d18,0x00000006cc700000)
 Metaspace       used 14210K, capacity 14518K, committed 14720K, reserved 1062912K
  class space    used 1726K, capacity 1797K, committed 1920K, reserved 1048576K
GC Heap History (10 events):
Event: 8.758 GC heap before
{Heap before GC invocations=5 (full 0):
 PSYoungGen      total 76288K, used 75612K [0x000000076b400000, 0x0000000770900000, 0x00000007c0000000)
  eden space 65536K, 100% used [0x000000076b400000,0x000000076f400000,0x000000076f400000)
  from space 10752K, 93% used [0x000000076fe80000,0x0000000770857020,0x0000000770900000)
  to   space 10752K, 0% used [0x000000076f400000,0x000000076f400000,0x000000076fe80000)
 ParOldGen       total 175104K, used 11252K [0x00000006c1c00000, 0x00000006cc700000, 0x000000076b400000)
  object space 175104K, 6% used [0x00000006c1c00000,0x00000006c26fd240,0x00000006cc700000)
 Metaspace       used 12702K, capacity 12958K, committed 13312K, reserved 1060864K
  class space    used 1597K, capacity 1665K, committed 1792K, reserved 1048576K
Event: 8.762 GC heap after
Heap after GC invocations=5 (full 0):
 PSYoungGen      total 70656K, used 6303K [0x000000076b400000, 0x0000000770980000, 0x00000007c0000000)
  eden space 64000K, 0% used [0x000000076b400000,0x000000076b400000,0x000000076f280000)
  from space 6656K, 94% used [0x000000076f400000,0x000000076fa27d80,0x000000076fa80000)
  to   space 11776K, 0% used [0x000000076fe00000,0x000000076fe00000,0x0000000770980000)
 ParOldGen       total 175104K, used 11260K [0x00000006c1c00000, 0x00000006cc700000, 0x000000076b400000)
  object space 175104K, 6% used [0x00000006c1c00000,0x00000006c26ff240,0x00000006cc700000)
 Metaspace       used 12702K, capacity 12958K, committed 13312K, reserved 1060864K
  class space    used 1597K, capacity 1665K, committed 1792K, reserved 1048576K
}
Event: 9.104 GC heap before
{Heap before GC invocations=6 (full 0):
 PSYoungGen      total 70656K, used 70303K [0x000000076b400000, 0x0000000770980000, 0x00000007c0000000)
  eden space 64000K, 100% used [0x000000076b400000,0x000000076f280000,0x000000076f280000)
  from space 6656K, 94% used [0x000000076f400000,0x000000076fa27d80,0x000000076fa80000)
  to   space 11776K, 0% used [0x000000076fe00000,0x000000076fe00000,0x0000000770980000)
 ParOldGen       total 175104K, used 11260K [0x00000006c1c00000, 0x00000006cc700000, 0x000000076b400000)
  object space 175104K, 6% used [0x00000006c1c00000,0x00000006c26ff240,0x00000006cc700000)
 Metaspace       used 12702K, capacity 12958K, committed 13312K, reserved 1060864K
  class space    used 1597K, capacity 1665K, committed 1792K, reserved 1048576K
Event: 9.107 GC heap after
Heap after GC invocations=6 (full 0):
 PSYoungGen      total 73728K, used 10284K [0x000000076b400000, 0x0000000770900000, 0x00000007c0000000)
  eden space 62464K, 0% used [0x000000076b400000,0x000000076b400000,0x000000076f100000)
  from space 11264K, 91% used [0x000000076fe00000,0x000000077080b010,0x0000000770900000)
  to   space 12288K, 0% used [0x000000076f100000,0x000000076f100000,0x000000076fd00000)
 ParOldGen       total 175104K, used 14071K [0x00000006c1c00000, 0x00000006cc700000, 0x000000076b400000)
  object space 175104K, 8% used [0x00000006c1c00000,0x00000006c29bded0,0x00000006cc700000)
 Metaspace       used 12702K, capacity 12958K, committed 13312K, reserved 1060864K
  class space    used 1597K, capacity 1665K, committed 1792K, reserved 1048576K
}
Event: 9.346 GC heap before
{Heap before GC invocations=7 (full 0):
 PSYoungGen      total 73728K, used 72748K [0x000000076b400000, 0x0000000770900000, 0x00000007c0000000)
  eden space 62464K, 100% used [0x000000076b400000,0x000000076f100000,0x000000076f100000)
  from space 11264K, 91% used [0x000000076fe00000,0x000000077080b010,0x0000000770900000)
  to   space 12288K, 0% used [0x000000076f100000,0x000000076f100000,0x000000076fd00000)
 ParOldGen       total 175104K, used 14071K [0x00000006c1c00000, 0x00000006cc700000, 0x000000076b400000)
  object space 175104K, 8% used [0x00000006c1c00000,0x00000006c29bded0,0x00000006cc700000)
 Metaspace       used 12702K, capacity 12958K, committed 13312K, reserved 1060864K
  class space    used 1597K, capacity 1665K, committed 1792K, reserved 1048576K
Event: 9.350 GC heap after
Heap after GC invocations=7 (full 0):
 PSYoungGen      total 73728K, used 352K [0x000000076b400000, 0x0000000770b00000, 0x00000007c0000000)
  eden space 61440K, 0% used [0x000000076b400000,0x000000076b400000,0x000000076f000000)
  from space 12288K, 2% used [0x000000076f100000,0x000000076f158000,0x000000076fd00000)
  to   space 13824K, 0% used [0x000000076fd80000,0x000000076fd80000,0x0000000770b00000)
 ParOldGen       total 175104K, used 26911K [0x00000006c1c00000, 0x00000006cc700000, 0x000000076b400000)
  object space 175104K, 15% used [0x00000006c1c00000,0x00000006c3647d18,0x00000006cc700000)
 Metaspace       used 12702K, capacity 12958K, committed 13312K, reserved 1060864K
  class space    used 1597K, capacity 1665K, committed 1792K, reserved 1048576K
}
Event: 9.578 GC heap before
{Heap before GC invocations=8 (full 0):
 PSYoungGen      total 73728K, used 61792K [0x000000076b400000, 0x0000000770b00000, 0x00000007c0000000)
  eden space 61440K, 100% used [0x000000076b400000,0x000000076f000000,0x000000076f000000)
  from space 12288K, 2% used [0x000000076f100000,0x000000076f158000,0x000000076fd00000)
  to   space 13824K, 0% used [0x000000076fd80000,0x000000076fd80000,0x0000000770b00000)
 ParOldGen       total 175104K, used 26911K [0x00000006c1c00000, 0x00000006cc700000, 0x000000076b400000)
  object space 175104K, 15% used [0x00000006c1c00000,0x00000006c3647d18,0x00000006cc700000)
 Metaspace       used 12713K, capacity 12958K, committed 13312K, reserved 1060864K
  class space    used 1597K, capacity 1665K, committed 1792K, reserved 1048576K
Event: 9.579 GC heap after
Heap after GC invocations=8 (full 0):
 PSYoungGen      total 74240K, used 352K [0x000000076b400000, 0x0000000770b00000, 0x00000007c0000000)
  eden space 60416K, 0% used [0x000000076b400000,0x000000076b400000,0x000000076ef00000)
  from space 13824K, 2% used [0x000000076fd80000,0x000000076fdd8000,0x0000000770b00000)
  to   space 14336K, 0% used [0x000000076ef00000,0x000000076ef00000,0x000000076fd00000)
 ParOldGen       total 175104K, used 26959K [0x00000006c1c00000, 0x00000006cc700000, 0x000000076b400000)
  object space 175104K, 15% used [0x00000006c1c00000,0x00000006c3653d18,0x00000006cc700000)
 Metaspace       used 12713K, capacity 12958K, committed 13312K, reserved 1060864K
  class space    used 1597K, capacity 1665K, committed 1792K, reserved 1048576K
}
Event: 9.847 GC heap before
{Heap before GC invocations=9 (full 0):
 PSYoungGen      total 74240K, used 60768K [0x000000076b400000, 0x0000000770b00000, 0x00000007c0000000)
  eden space 60416K, 100% used [0x000000076b400000,0x000000076ef00000,0x000000076ef00000)
  from space 13824K, 2% used [0x000000076fd80000,0x000000076fdd8000,0x0000000770b00000)
  to   space 14336K, 0% used [0x000000076ef00000,0x000000076ef00000,0x000000076fd00000)
 ParOldGen       total 175104K, used 26959K [0x00000006c1c00000, 0x00000006cc700000, 0x000000076b400000)
  object space 175104K, 15% used [0x00000006c1c00000,0x00000006c3653d18,0x00000006cc700000)
 Metaspace       used 12719K, capacity 12958K, committed 13312K, reserved 1060864K
  class space    used 1598K, capacity 1665K, committed 1792K, reserved 1048576K
Event: 9.848 GC heap after
Heap after GC invocations=9 (full 0):
 PSYoungGen      total 59904K, used 192K [0x000000076b400000, 0x0000000770b00000, 0x00000007c0000000)
  eden space 59392K, 0% used [0x000000076b400000,0x000000076b400000,0x000000076ee00000)
  from space 512K, 37% used [0x000000076ef00000,0x000000076ef30000,0x000000076ef80000)
  to   space 14848K, 0% used [0x000000076fc80000,0x000000076fc80000,0x0000000770b00000)
 ParOldGen       total 175104K, used 27223K [0x00000006c1c00000, 0x00000006cc700000, 0x000000076b400000)
  object space 175104K, 15% used [0x00000006c1c00000,0x00000006c3695d18,0x00000006cc700000)
 Metaspace       used 12719K, capacity 12958K, committed 13312K, reserved 1060864K
  class space    used 1598K, capacity 1665K, committed 1792K, reserved 1048576K
}

